<?xml version="1.0" encoding="UTF-8"?>
<!-- Generated by org.testng.reporters.JUnitReportReporter -->
<testsuite hostname="LAPTOP-2R1EHU02" failures="0" tests="1" name="E2ETestCases.RegisterationStep" time="10.981" errors="0" timestamp="2022-06-15T12:26:31 EDT" skipped="0">
  <testcase classname="E2ETestCases.RegisterationStep" name="Register" time="10.981"/>
  <system-out/>
</testsuite> <!-- E2ETestCases.RegisterationStep -->
