<?xml version="1.0" encoding="UTF-8"?>
<!-- Generated by org.testng.reporters.JUnitReportReporter -->
<testsuite hostname="LAPTOP-2R1EHU02" failures="0" tests="2" name="E2ETestCases.Testcases" time="16.424" errors="0" timestamp="2022-06-15T12:21:16 EDT" skipped="0">
  <testcase classname="E2ETestCases.Testcases" name="Login" time="8.055"/>
  <system-out/>
  <testcase classname="E2ETestCases.Testcases" name="Register" time="8.369"/>
  <system-out/>
</testsuite> <!-- E2ETestCases.Testcases -->
