<?xml version="1.0" encoding="UTF-8"?>
<!-- Generated by org.testng.reporters.JUnitReportReporter -->
<testsuite hostname="LAPTOP-2R1EHU02" failures="0" tests="1" name="E2ETestCases.LoginStep" time="10.319" errors="0" timestamp="2022-06-15T12:27:35 EDT" skipped="0">
  <testcase classname="E2ETestCases.LoginStep" name="Login" time="10.319"/>
  <system-out/>
</testsuite> <!-- E2ETestCases.LoginStep -->
